<?xml version="1.0" encoding="UTF-8"?>
<testsuite name="models.CeasarCipherEncryptTest" tests="4" skipped="0" failures="0" errors="0" timestamp="2021-04-14T01:32:46" hostname="Banter" time="0.062">
  <properties/>
  <testcase name="newCeaserCipherEncrypt_instantiatesCorrectly()" classname="models.CeasarCipherEncryptTest" time="0.048"/>
  <testcase name="newCeaserCipherEncrypt_encryptMessage()" classname="models.CeasarCipherEncryptTest" time="0.003"/>
  <testcase name="newCeaserCipherEncrypt_newMessageInput()" classname="models.CeasarCipherEncryptTest" time="0.002"/>
  <testcase name="newCeaserCipherEncrypt_newShiftInput()" classname="models.CeasarCipherEncryptTest" time="0.003"/>
  <system-out><![CDATA[]]></system-out>
  <system-err><![CDATA[]]></system-err>
</testsuite>
